<?xml version="1.0" encoding="UTF-8"?>
<!-- Generated by org.testng.reporters.JUnitReportReporter -->
<testsuite skipped="0" hostname="EC2AMAZ-AD3GHSU" name="com.zensar.seleniumProject.AppTest" tests="1" failures="0" timestamp="06 Sep 2018 10:13:17 GMT" time="0.001" errors="0">
  <testcase name="testApp" time="0.001" classname="com.zensar.seleniumProject.AppTest"/>
</testsuite> <!-- com.zensar.seleniumProject.AppTest -->
