<?xml version="1.0" encoding="UTF-8"?>
<!-- Generated by org.testng.reporters.JUnitReportReporter -->
<testsuite skipped="0" hostname="EC2AMAZ-AD3GHSU" name="com.zensar.seleniumProject.FirstTest" tests="1" failures="0" timestamp="06 Sep 2018 12:22:55 GMT" time="13.629" errors="0">
  <testcase name="test" time="13.629" classname="com.zensar.seleniumProject.FirstTest"/>
</testsuite> <!-- com.zensar.seleniumProject.FirstTest -->
