<?xml version="1.0" encoding="UTF-8"?>
<!-- Generated by org.testng.reporters.JUnitReportReporter -->
<testsuite skipped="0" hostname="EC2AMAZ-AD3GHSU" name="com.test.FirstTest" tests="1" failures="0" timestamp="06 Sep 2018 09:30:49 GMT" time="29.276" errors="0">
  <testcase name="test" time="29.276" classname="com.test.FirstTest"/>
</testsuite> <!-- com.test.FirstTest -->
