<?xml version="1.0" encoding="UTF-8"?>
<!-- Generated by org.testng.reporters.JUnitReportReporter -->
<testsuite skipped="0" hostname="EC2AMAZ-AD3GHSU" name="com.test.FirstTest" tests="1" failures="0" timestamp="05 Sep 2018 09:41:11 GMT" time="20.674" errors="0">
  <testcase name="test" time="20.674" classname="com.test.FirstTest"/>
</testsuite> <!-- com.test.FirstTest -->
