<?xml version="1.0" encoding="UTF-8"?>
<!-- Generated by org.testng.reporters.JUnitReportReporter -->
<testsuite skipped="0" hostname="EC2AMAZ-AD3GHSU" name="com.zensar.seleniumProject.HelloWorld" tests="1" failures="0" timestamp="01 Sep 2018 06:48:47 GMT" time="0.019" errors="0">
  <testcase name="Login" time="0.019" classname="com.zensar.seleniumProject.HelloWorld"/>
</testsuite> <!-- com.zensar.seleniumProject.HelloWorld -->
