<?xml version="1.0" encoding="UTF-8"?>
<!-- Generated by org.testng.reporters.JUnitReportReporter -->
<testsuite skipped="0" hostname="EC2AMAZ-IQH5V4L" name="com.zensar.seleniumProject.FirstTest" tests="1" failures="0" timestamp="12 Sep 2018 10:48:44 GMT" time="19.368" errors="0">
  <testcase name="test" time="19.368" classname="com.zensar.seleniumProject.FirstTest"/>
</testsuite> <!-- com.zensar.seleniumProject.FirstTest -->
